<?xml version="1.0" encoding="UTF-8"?>
<!-- Generated by org.testng.reporters.JUnitXMLReporter -->
<testsuite ignored="2" hostname="Vendease-PCs-MacBook-Pro.local" failures="2" tests="3" name="Functional Regression Test" time="98.158" errors="0" timestamp="2022-09-28T19:24:58 WAT">
  <testcase classname="com.Eprocurement.testcases.LoginTest" name="login" time="7.335"/>
  <testcase classname="com.Eprocurement.testcases.VerifyHomepageTitleTest" name="verifyHomepageTitle" time="0.028">
    <failure type="java.lang.NullPointerException" message="Cannot invoke &amp;quot;org.openqa.selenium.WebDriver.findElement(org.openqa.selenium.By)&amp;quot; because &amp;quot;this.driver&amp;quot; is null">
      <![CDATA[java.lang.NullPointerException: Cannot invoke "org.openqa.selenium.WebDriver.findElement(org.openqa.selenium.By)" because "this.driver" is null
at com.Eprocurement.pagesObjects.Homepage.getHomepageTitle(Homepage.java:27)
at com.Eprocurement.testcases.VerifyHomepageTitleTest.verifyHomepageTitle(VerifyHomepageTitleTest.java:18)
at java.base/java.util.ArrayList.forEach(ArrayList.java:1511)
... Removed 25 stack frames]]>
    </failure>
  </testcase> <!-- verifyHomepageTitle -->
  <testcase classname="com.Eprocurement.testcases.VerifyHomepageTitleTest" name="verifyHomepageTitle" time="0.074">
    <failure type="java.lang.NullPointerException" message="Cannot invoke &amp;quot;org.openqa.selenium.TakesScreenshot.getScreenshotAs(org.openqa.selenium.OutputType)&amp;quot; because &amp;quot;this.driver&amp;quot; is null">
      <![CDATA[java.lang.NullPointerException: Cannot invoke "org.openqa.selenium.TakesScreenshot.getScreenshotAs(org.openqa.selenium.OutputType)" because "this.driver" is null
at com.Eprocurement.Utilities.captureScreenshot.getScreenshot(captureScreenshot.java:21)
at com.Eprocurement.Utilities.Reporting.onTestFailure(Reporting.java:20)
at java.base/java.util.ArrayList.forEach(ArrayList.java:1511)
... Removed 24 stack frames]]>
    </failure>
  </testcase> <!-- verifyHomepageTitle -->
  <testcase classname="com.Eprocurement.base_Class.BaseClass" name="@AfterTest tearDown" time="0.0">
    <ignored/>
  </testcase> <!-- @AfterTest tearDown -->
  <testcase classname="com.Eprocurement.base_Class.BaseClass" name="@BeforeTest setUp" time="0.0">
    <ignored/>
  </testcase> <!-- @BeforeTest setUp -->
</testsuite> <!-- Functional Regression Test -->
